<?xml version="1.0" encoding="UTF-8"?>
<!-- Generated by org.testng.reporters.JUnitReportReporter -->
<testsuite hostname="DESKTOP-Q19ULCM" failures="0" tests="5" name="testcases.TC_003_LoginDataDrivernTest2" time="40.542" errors="0" timestamp="2023-09-05T16:37:57 IST" skipped="0">
  <testcase classname="testcases.TC_003_LoginDataDrivernTest2" name="test_Login" time="11.930"/>
  <testcase classname="testcases.TC_003_LoginDataDrivernTest2" name="test_Login" time="3.164"/>
  <testcase classname="testcases.TC_003_LoginDataDrivernTest2" name="test_Login" time="2.227"/>
  <testcase classname="testcases.TC_003_LoginDataDrivernTest2" name="test_Login" time="11.586"/>
  <testcase classname="testcases.TC_003_LoginDataDrivernTest2" name="test_Login" time="11.635"/>
</testsuite> <!-- testcases.TC_003_LoginDataDrivernTest2 -->
