<?xml version="1.0" encoding="UTF-8"?>
<!-- Generated by org.testng.reporters.JUnitReportReporter -->
<testsuite hostname="DESKTOP-Q19ULCM" failures="0" tests="1" name="testcases.TC_001_AccountRegistraionTest" time="4.007" errors="0" timestamp="2023-09-06T15:44:16 IST" skipped="0">
  <testcase classname="testcases.TC_001_AccountRegistraionTest" name="test_accountRegistration" time="4.007"/>
</testsuite> <!-- testcases.TC_001_AccountRegistraionTest -->
