<?xml version="1.0" encoding="UTF-8"?>
<!-- Generated by org.testng.reporters.JUnitReportReporter -->
<testsuite hostname="DESKTOP-Q19ULCM" failures="0" tests="1" name="testcases.TC_002_LoginTest" time="2.496" errors="0" timestamp="2023-09-10T11:29:55 IST" skipped="0">
  <testcase classname="testcases.TC_002_LoginTest" name="test_Login" time="2.496"/>
</testsuite> <!-- testcases.TC_002_LoginTest -->
